app/build/intermediates/manifest_merge_blame_file/debug/processDebugMainManifest/manifest-merger-blame-debug-report.txt
1<?xml version="1.0" encoding="utf-8"?>
2<manifest xmlns:android="http://schemas.android.com/apk/res/android"
3    package="com.example.lazy_susan"
4    android:versionCode="1"
5    android:versionName="1.0" >
6
7    <uses-sdk
7-->src\main\AndroidManifest.xml:8:5-10:41
8        android:minSdkVersion="24"
8-->src\main\AndroidManifest.xml:9:9-35
9        android:targetSdkVersion="35" />
9-->src\main\AndroidManifest.xml:10:9-38
10
11    <uses-permission android:name="android.permission.INTERNET" />
11-->src\main\AndroidManifest.xml:12:5-67
11-->src\main\AndroidManifest.xml:12:22-64
12    <uses-permission android:name="android.permission.ACCESS_FINE_LOCATION" />
12-->src\main\AndroidManifest.xml:13:5-79
12-->src\main\AndroidManifest.xml:13:22-76
13    <uses-permission android:name="android.permission.ACCESS_COARSE_LOCATION" />
13-->src\main\AndroidManifest.xml:14:5-81
13-->src\main\AndroidManifest.xml:14:22-78
14    <!-- Include required permissions for Google Maps API to run. -->
15    <uses-permission android:name="android.permission.ACCESS_NETWORK_STATE" />
15-->src\main\AndroidManifest.xml:16:5-79
15-->src\main\AndroidManifest.xml:16:22-76
16
17    <uses-feature
17-->src\main\AndroidManifest.xml:18:5-20:35
18        android:glEsVersion="0x00020000"
18-->src\main\AndroidManifest.xml:19:9-41
19        android:required="true" />
19-->src\main\AndroidManifest.xml:20:9-32
20
21    <queries>
21-->src\main\AndroidManifest.xml:22:5-26:15
22
23        <!-- Needs to be explicitly declared on Android R+ -->
24        <package android:name="com.google.android.apps.maps" />
24-->src\main\AndroidManifest.xml:25:9-64
24-->src\main\AndroidManifest.xml:25:18-61
25    </queries>
26
27    <uses-permission android:name="com.google.android.providers.gsf.permission.READ_GSERVICES" />
27-->src\main\AndroidManifest.xml:28:5-98
27-->src\main\AndroidManifest.xml:28:22-95
28
29    <permission
29-->src\main\AndroidManifest.xml:30:5-32:47
30        android:name="com.example.lazy_susan.DYNAMIC_RECEIVER_NOT_EXPORTED_PERMISSION"
30-->src\main\AndroidManifest.xml:31:9-87
31        android:protectionLevel="signature" />
31-->src\main\AndroidManifest.xml:32:9-44
32
33    <uses-permission android:name="com.example.lazy_susan.DYNAMIC_RECEIVER_NOT_EXPORTED_PERMISSION" />
33-->src\main\AndroidManifest.xml:34:5-103
33-->src\main\AndroidManifest.xml:34:22-100
34
35    <application
35-->src\main\AndroidManifest.xml:36:5-222:19
36        android:allowBackup="true"
36-->src\main\AndroidManifest.xml:37:9-35
37        android:appComponentFactory="androidx.core.app.CoreComponentFactory"
37-->[androidx.core:core:1.15.0] AndroidManifest.xml:28:18-86
38        android:dataExtractionRules="@xml/data_extraction_rules"
38-->src\main\AndroidManifest.xml:38:9-65
39        android:debuggable="true"
39-->src\main\AndroidManifest.xml:39:9-34
40        android:extractNativeLibs="false"
40-->src\main\AndroidManifest.xml:40:9-42
41        android:fullBackupContent="@xml/backup_rules"
41-->src\main\AndroidManifest.xml:41:9-54
42        android:icon="@mipmap/ic_launcher"
42-->src\main\AndroidManifest.xml:42:9-43
43        android:label="@string/app_name"
43-->src\main\AndroidManifest.xml:43:9-41
44        android:roundIcon="@mipmap/ic_launcher_round"
44-->src\main\AndroidManifest.xml:44:9-54
45        android:supportsRtl="true"
45-->src\main\AndroidManifest.xml:45:9-35
46        android:testOnly="true"
46-->src\main\AndroidManifest.xml:46:9-32
47        android:theme="@style/Theme.Lazy_Susan" >
47-->src\main\AndroidManifest.xml:47:9-48
48        <meta-data
48-->src\main\AndroidManifest.xml:49:9-51:59
49            android:name="com.google.android.geo.API_KEY"
49-->src\main\AndroidManifest.xml:50:13-58
50            android:value="@string/google_maps_api_key" />
50-->src\main\AndroidManifest.xml:51:13-56
51
52        <activity
52-->src\main\AndroidManifest.xml:52:9-62:20
53            android:name="com.example.lazy_susan.MainActivity"
53-->src\main\AndroidManifest.xml:53:13-41
54            android:exported="true"
54-->src\main\AndroidManifest.xml:54:13-36
55            android:label="@string/app_name"
55-->src\main\AndroidManifest.xml:55:13-45
56            android:theme="@style/Theme.Lazy_Susan" >
56-->src\main\AndroidManifest.xml:56:13-52
57            <intent-filter>
57-->src\main\AndroidManifest.xml:57:13-61:29
58                <action android:name="android.intent.action.MAIN" />
58-->src\main\AndroidManifest.xml:58:17-69
58-->src\main\AndroidManifest.xml:58:25-66
59
60                <category android:name="android.intent.category.LAUNCHER" />
60-->src\main\AndroidManifest.xml:60:17-77
60-->src\main\AndroidManifest.xml:60:27-74
61            </intent-filter>
62        </activity>
63        <activity
63-->src\main\AndroidManifest.xml:63:9-65:39
64            android:name="androidx.compose.ui.tooling.PreviewActivity"
64-->src\main\AndroidManifest.xml:64:13-71
65            android:exported="true" /> <!-- Needs to be explicitly declared on P+ -->
65-->src\main\AndroidManifest.xml:65:13-36
66        <uses-library
66-->src\main\AndroidManifest.xml:66:9-68:40
67            android:name="org.apache.http.legacy"
67-->src\main\AndroidManifest.xml:67:13-50
68            android:required="false" />
68-->src\main\AndroidManifest.xml:68:13-37
69
70        <activity
70-->src\main\AndroidManifest.xml:70:9-87:20
71            android:name="com.google.firebase.auth.internal.GenericIdpActivity"
71-->src\main\AndroidManifest.xml:71:13-80
72            android:excludeFromRecents="true"
72-->src\main\AndroidManifest.xml:72:13-46
73            android:exported="true"
73-->src\main\AndroidManifest.xml:73:13-36
74            android:launchMode="singleTask"
74-->src\main\AndroidManifest.xml:74:13-44
75            android:theme="@android:style/Theme.Translucent.NoTitleBar" >
75-->src\main\AndroidManifest.xml:75:13-72
76            <intent-filter>
76-->src\main\AndroidManifest.xml:76:13-86:29
77                <action android:name="android.intent.action.VIEW" />
77-->src\main\AndroidManifest.xml:77:17-69
77-->src\main\AndroidManifest.xml:77:25-66
78
79                <category android:name="android.intent.category.DEFAULT" />
79-->src\main\AndroidManifest.xml:79:17-76
79-->src\main\AndroidManifest.xml:79:27-73
80                <category android:name="android.intent.category.BROWSABLE" />
80-->src\main\AndroidManifest.xml:80:17-78
80-->src\main\AndroidManifest.xml:80:27-75
81
82                <data
82-->src\main\AndroidManifest.xml:82:17-85:51
83                    android:host="firebase.auth"
83-->src\main\AndroidManifest.xml:83:21-49
84                    android:path="/"
84-->src\main\AndroidManifest.xml:84:21-37
85                    android:scheme="genericidp" />
85-->src\main\AndroidManifest.xml:85:21-48
86            </intent-filter>
87        </activity>
88        <activity
88-->src\main\AndroidManifest.xml:88:9-105:20
89            android:name="com.google.firebase.auth.internal.RecaptchaActivity"
89-->src\main\AndroidManifest.xml:89:13-79
90            android:excludeFromRecents="true"
90-->src\main\AndroidManifest.xml:90:13-46
91            android:exported="true"
91-->src\main\AndroidManifest.xml:91:13-36
92            android:launchMode="singleTask"
92-->src\main\AndroidManifest.xml:92:13-44
93            android:theme="@android:style/Theme.Translucent.NoTitleBar" >
93-->src\main\AndroidManifest.xml:93:13-72
94            <intent-filter>
94-->src\main\AndroidManifest.xml:94:13-104:29
95                <action android:name="android.intent.action.VIEW" />
95-->src\main\AndroidManifest.xml:77:17-69
95-->src\main\AndroidManifest.xml:77:25-66
96
97                <category android:name="android.intent.category.DEFAULT" />
97-->src\main\AndroidManifest.xml:79:17-76
97-->src\main\AndroidManifest.xml:79:27-73
98                <category android:name="android.intent.category.BROWSABLE" />
98-->src\main\AndroidManifest.xml:80:17-78
98-->src\main\AndroidManifest.xml:80:27-75
99
100                <data
100-->src\main\AndroidManifest.xml:82:17-85:51
101                    android:host="firebase.auth"
101-->src\main\AndroidManifest.xml:83:21-49
102                    android:path="/"
102-->src\main\AndroidManifest.xml:84:21-37
103                    android:scheme="recaptcha" />
103-->src\main\AndroidManifest.xml:85:21-48
104            </intent-filter>
105        </activity>
106
107        <service
107-->src\main\AndroidManifest.xml:106:9-125:19
108            android:name="com.google.firebase.components.ComponentDiscoveryService"
108-->src\main\AndroidManifest.xml:107:13-84
109            android:directBootAware="true"
109-->src\main\AndroidManifest.xml:108:13-43
110            android:exported="false" >
110-->src\main\AndroidManifest.xml:109:13-37
111            <meta-data
111-->src\main\AndroidManifest.xml:110:13-112:85
112                android:name="com.google.firebase.components:com.google.firebase.auth.FirebaseAuthRegistrar"
112-->src\main\AndroidManifest.xml:111:17-109
113                android:value="com.google.firebase.components.ComponentRegistrar" />
113-->src\main\AndroidManifest.xml:112:17-82
114            <meta-data
114-->src\main\AndroidManifest.xml:113:13-115:85
115                android:name="com.google.firebase.components:com.google.firebase.database.FirebaseDatabaseKtxRegistrar"
115-->src\main\AndroidManifest.xml:114:17-120
116                android:value="com.google.firebase.components.ComponentRegistrar" />
116-->src\main\AndroidManifest.xml:115:17-82
117            <meta-data
117-->src\main\AndroidManifest.xml:116:13-118:85
118                android:name="com.google.firebase.components:com.google.firebase.database.DatabaseRegistrar"
118-->src\main\AndroidManifest.xml:117:17-109
119                android:value="com.google.firebase.components.ComponentRegistrar" />
119-->src\main\AndroidManifest.xml:118:17-82
120            <meta-data
120-->src\main\AndroidManifest.xml:119:13-121:85
121                android:name="com.google.firebase.components:com.google.firebase.ktx.FirebaseCommonLegacyRegistrar"
121-->src\main\AndroidManifest.xml:120:17-116
122                android:value="com.google.firebase.components.ComponentRegistrar" />
122-->src\main\AndroidManifest.xml:121:17-82
123            <meta-data
123-->src\main\AndroidManifest.xml:122:13-124:85
124                android:name="com.google.firebase.components:com.google.firebase.FirebaseCommonKtxRegistrar"
124-->src\main\AndroidManifest.xml:123:17-109
125                android:value="com.google.firebase.components.ComponentRegistrar" />
125-->src\main\AndroidManifest.xml:124:17-82
126            <meta-data
126-->[com.google.firebase:firebase-firestore-ktx:25.1.3] AndroidManifest.xml:12:13-14:85
127                android:name="com.google.firebase.components:com.google.firebase.firestore.ktx.FirebaseFirestoreLegacyRegistrar"
127-->[com.google.firebase:firebase-firestore-ktx:25.1.3] AndroidManifest.xml:13:17-129
128                android:value="com.google.firebase.components.ComponentRegistrar" />
128-->[com.google.firebase:firebase-firestore-ktx:25.1.3] AndroidManifest.xml:14:17-82
129            <meta-data
129-->[com.google.firebase:firebase-firestore:25.1.3] AndroidManifest.xml:17:13-19:85
130                android:name="com.google.firebase.components:com.google.firebase.firestore.FirebaseFirestoreKtxRegistrar"
130-->[com.google.firebase:firebase-firestore:25.1.3] AndroidManifest.xml:18:17-122
131                android:value="com.google.firebase.components.ComponentRegistrar" />
131-->[com.google.firebase:firebase-firestore:25.1.3] AndroidManifest.xml:19:17-82
132            <meta-data
132-->[com.google.firebase:firebase-firestore:25.1.3] AndroidManifest.xml:20:13-22:85
133                android:name="com.google.firebase.components:com.google.firebase.firestore.FirestoreRegistrar"
133-->[com.google.firebase:firebase-firestore:25.1.3] AndroidManifest.xml:21:17-111
134                android:value="com.google.firebase.components.ComponentRegistrar" />
134-->[com.google.firebase:firebase-firestore:25.1.3] AndroidManifest.xml:22:17-82
135            <meta-data
135-->[com.google.firebase:firebase-auth-ktx:23.2.0] AndroidManifest.xml:11:13-13:85
136                android:name="com.google.firebase.components:com.google.firebase.auth.ktx.FirebaseAuthLegacyRegistrar"
136-->[com.google.firebase:firebase-auth-ktx:23.2.0] AndroidManifest.xml:12:17-119
137                android:value="com.google.firebase.components.ComponentRegistrar" />
137-->[com.google.firebase:firebase-auth-ktx:23.2.0] AndroidManifest.xml:13:17-82
138        </service>
139        <service
139-->src\main\AndroidManifest.xml:126:9-133:19
140            android:name="androidx.credentials.playservices.CredentialProviderMetadataHolder"
140-->src\main\AndroidManifest.xml:127:13-94
141            android:enabled="true"
141-->src\main\AndroidManifest.xml:128:13-35
142            android:exported="false" >
142-->src\main\AndroidManifest.xml:129:13-37
143            <meta-data
143-->src\main\AndroidManifest.xml:130:13-132:104
144                android:name="androidx.credentials.CREDENTIAL_PROVIDER_KEY"
144-->src\main\AndroidManifest.xml:131:17-76
145                android:value="androidx.credentials.playservices.CredentialProviderPlayServicesImpl" />
145-->src\main\AndroidManifest.xml:132:17-101
146        </service>
147
148        <activity
148-->src\main\AndroidManifest.xml:135:9-142:20
149            android:name="androidx.credentials.playservices.HiddenActivity"
149-->src\main\AndroidManifest.xml:136:13-76
150            android:configChanges="orientation|screenSize|screenLayout|keyboardHidden"
150-->src\main\AndroidManifest.xml:137:13-87
151            android:enabled="true"
151-->src\main\AndroidManifest.xml:138:13-35
152            android:exported="false"
152-->src\main\AndroidManifest.xml:139:13-37
153            android:fitsSystemWindows="true"
153-->src\main\AndroidManifest.xml:140:13-45
154            android:theme="@style/Theme.Hidden" >
154-->src\main\AndroidManifest.xml:141:13-48
155        </activity>
156        <activity
156-->src\main\AndroidManifest.xml:143:9-147:75
157            android:name="com.google.android.gms.auth.api.signin.internal.SignInHubActivity"
157-->src\main\AndroidManifest.xml:144:13-93
158            android:excludeFromRecents="true"
158-->src\main\AndroidManifest.xml:145:13-46
159            android:exported="false"
159-->src\main\AndroidManifest.xml:146:13-37
160            android:theme="@android:style/Theme.Translucent.NoTitleBar" />
160-->src\main\AndroidManifest.xml:147:13-72
161        <!--
162            Service handling Google Sign-In user revocation. For apps that do not integrate with
163            Google Sign-In, this service will never be started.
164        -->
165        <service
165-->src\main\AndroidManifest.xml:152:9-156:51
166            android:name="com.google.android.gms.auth.api.signin.RevocationBoundService"
166-->src\main\AndroidManifest.xml:153:13-89
167            android:exported="true"
167-->src\main\AndroidManifest.xml:154:13-36
168            android:permission="com.google.android.gms.auth.api.signin.permission.REVOCATION_NOTIFICATION"
168-->src\main\AndroidManifest.xml:155:13-107
169            android:visibleToInstantApps="true" />
169-->src\main\AndroidManifest.xml:156:13-48
170
171        <activity
171-->src\main\AndroidManifest.xml:158:9-161:75
172            android:name="com.google.android.gms.common.api.GoogleApiActivity"
172-->src\main\AndroidManifest.xml:159:13-79
173            android:exported="false"
173-->src\main\AndroidManifest.xml:160:13-37
174            android:theme="@android:style/Theme.Translucent.NoTitleBar" />
174-->src\main\AndroidManifest.xml:161:13-72
175
176        <provider
176-->src\main\AndroidManifest.xml:163:9-168:39
177            android:name="com.google.firebase.provider.FirebaseInitProvider"
177-->src\main\AndroidManifest.xml:164:13-77
178            android:authorities="com.example.lazy_susan.firebaseinitprovider"
178-->src\main\AndroidManifest.xml:165:13-78
179            android:directBootAware="true"
179-->src\main\AndroidManifest.xml:166:13-43
180            android:exported="false"
180-->src\main\AndroidManifest.xml:167:13-37
181            android:initOrder="100" />
181-->src\main\AndroidManifest.xml:168:13-36
182
183        <service
183-->src\main\AndroidManifest.xml:170:9-173:40
184            android:name="androidx.room.MultiInstanceInvalidationService"
184-->src\main\AndroidManifest.xml:171:13-74
185            android:directBootAware="true"
185-->src\main\AndroidManifest.xml:172:13-43
186            android:exported="false" />
186-->src\main\AndroidManifest.xml:173:13-37
187
188        <provider
188-->src\main\AndroidManifest.xml:175:9-188:20
189            android:name="androidx.startup.InitializationProvider"
189-->src\main\AndroidManifest.xml:176:13-67
190            android:authorities="com.example.lazy_susan.androidx-startup"
190-->src\main\AndroidManifest.xml:177:13-74
191            android:exported="false" >
191-->src\main\AndroidManifest.xml:178:13-37
192            <meta-data
192-->src\main\AndroidManifest.xml:179:13-181:52
193                android:name="androidx.emoji2.text.EmojiCompatInitializer"
193-->src\main\AndroidManifest.xml:180:17-75
194                android:value="androidx.startup" />
194-->src\main\AndroidManifest.xml:181:17-49
195            <meta-data
195-->src\main\AndroidManifest.xml:182:13-184:52
196                android:name="androidx.lifecycle.ProcessLifecycleInitializer"
196-->src\main\AndroidManifest.xml:183:17-78
197                android:value="androidx.startup" />
197-->src\main\AndroidManifest.xml:184:17-49
198            <meta-data
198-->src\main\AndroidManifest.xml:185:13-187:52
199                android:name="androidx.profileinstaller.ProfileInstallerInitializer"
199-->src\main\AndroidManifest.xml:186:17-85
200                android:value="androidx.startup" />
200-->src\main\AndroidManifest.xml:187:17-49
201        </provider>
202
203        <meta-data
203-->src\main\AndroidManifest.xml:190:9-192:69
204            android:name="com.google.android.gms.version"
204-->src\main\AndroidManifest.xml:191:13-58
205            android:value="@integer/google_play_services_version" />
205-->src\main\AndroidManifest.xml:192:13-66
206
207        <activity
207-->src\main\AndroidManifest.xml:194:9-196:39
208            android:name="androidx.activity.ComponentActivity"
208-->src\main\AndroidManifest.xml:195:13-63
209            android:exported="true" />
209-->src\main\AndroidManifest.xml:196:13-36
210
211        <receiver
211-->src\main\AndroidManifest.xml:198:9-216:20
212            android:name="androidx.profileinstaller.ProfileInstallReceiver"
212-->src\main\AndroidManifest.xml:199:13-76
213            android:directBootAware="false"
213-->src\main\AndroidManifest.xml:200:13-44
214            android:enabled="true"
214-->src\main\AndroidManifest.xml:201:13-35
215            android:exported="true"
215-->src\main\AndroidManifest.xml:202:13-36
216            android:permission="android.permission.DUMP" >
216-->src\main\AndroidManifest.xml:203:13-57
217            <intent-filter>
217-->src\main\AndroidManifest.xml:204:13-206:29
218                <action android:name="androidx.profileinstaller.action.INSTALL_PROFILE" />
218-->src\main\AndroidManifest.xml:205:17-91
218-->src\main\AndroidManifest.xml:205:25-88
219            </intent-filter>
220            <intent-filter>
220-->src\main\AndroidManifest.xml:207:13-209:29
221                <action android:name="androidx.profileinstaller.action.SKIP_FILE" />
221-->src\main\AndroidManifest.xml:208:17-85
221-->src\main\AndroidManifest.xml:208:25-82
222            </intent-filter>
223            <intent-filter>
223-->src\main\AndroidManifest.xml:210:13-212:29
224                <action android:name="androidx.profileinstaller.action.SAVE_PROFILE" />
224-->src\main\AndroidManifest.xml:211:17-88
224-->src\main\AndroidManifest.xml:211:25-85
225            </intent-filter>
226            <intent-filter>
226-->src\main\AndroidManifest.xml:213:13-215:29
227                <action android:name="androidx.profileinstaller.action.BENCHMARK_OPERATION" />
227-->src\main\AndroidManifest.xml:214:17-95
227-->src\main\AndroidManifest.xml:214:25-92
228            </intent-filter>
229        </receiver> <!-- The activities will be merged into the manifest of the hosting app. -->
230        <activity
230-->src\main\AndroidManifest.xml:217:9-221:65
231            android:name="com.google.android.play.core.common.PlayCoreDialogWrapperActivity"
231-->src\main\AndroidManifest.xml:218:13-93
232            android:exported="false"
232-->src\main\AndroidManifest.xml:219:13-37
233            android:stateNotNeeded="true"
233-->src\main\AndroidManifest.xml:220:13-42
234            android:theme="@style/Theme.PlayCore.Transparent" />
234-->src\main\AndroidManifest.xml:221:13-62
235    </application>
236
237</manifest>